<?xml version="1.0" encoding="UTF-8" standalone="no"?><testsuite errors="0" failures="0" name="API Testing on" skipped="0" tests="10" time="9.69" timestamp="2023-04-13 10:17:07"><testcase name="[Positive] - Verify user GET all posts"/><testcase name="[Negative] - Verify user GET all posts with wrong endpoint"/><testcase name="[Positive] - Verify user POST new post"/><testcase name="[Negative] - Verify user POST new post with missing data"/><testcase name="[Positive] - Verify user GET post by ID"/><testcase name="[Negative] - Verify user GET post by invalid ID"/><testcase name="[Positive] - Verify user PUT post by ID"/><testcase name="[Negative] - Verify user PUT send invalid request for post by ID"/><testcase name="[Positive] - Verify user DELETE post by ID"/><testcase name="[Negative] - Verify user cannot DELETE non-existing post by ID"/></testsuite>